This file contains any messages produced by compilers while
running configure, to aid debugging if configure makes a mistake.

It was created by configure, which was
generated by GNU Autoconf 2.63.  Invocation command line was

  $ ./configure 

## --------- ##
## Platform. ##
## --------- ##

hostname = localhost.localdomain
uname -m = x86_64
uname -r = 2.6.32-358.el6.x86_64
uname -s = Linux
uname -v = #1 SMP Fri Feb 22 00:31:26 UTC 2013

/usr/bin/uname -p = unknown
/bin/uname -X     = unknown

/bin/arch              = x86_64
/usr/bin/arch -k       = unknown
/usr/convex/getsysinfo = unknown
/usr/bin/hostinfo      = unknown
/bin/machine           = unknown
/usr/bin/oslevel       = unknown
/bin/universe          = unknown

PATH: /usr/lib64/qt-3.3/bin
PATH: /usr/local/bin
PATH: /usr/bin
PATH: /bin
PATH: /usr/local/sbin
PATH: /usr/sbin
PATH: /sbin
PATH: /home/cheng/bin


## ----------- ##
## Core tests. ##
## ----------- ##

configure:2065: checking for a BSD-compatible install
configure:2133: result: /usr/bin/install -c
configure:2144: checking whether build environment is sane
configure:2204: result: yes
configure:2345: checking for a thread-safe mkdir -p
configure:2384: result: /bin/mkdir -p
configure:2397: checking for gawk
configure:2413: found /usr/bin/gawk
configure:2424: result: gawk
configure:2435: checking whether make sets $(MAKE)
configure:2457: result: yes
configure:2541: checking whether to enable maintainer-specific portions of Makefiles
configure:2550: result: no
configure:2612: checking for gcc
configure:2628: found /usr/bin/gcc
configure:2639: result: gcc
configure:2871: checking for C compiler version
configure:2879: gcc --version >&5
gcc (GCC) 4.4.7 20120313 (Red Hat 4.4.7-11)
Copyright (C) 2010 Free Software Foundation, Inc.
This is free software; see the source for copying conditions.  There is NO
warranty; not even for MERCHANTABILITY or FITNESS FOR A PARTICULAR PURPOSE.

configure:2883: $? = 0
configure:2890: gcc -v >&5
Using built-in specs.
Target: x86_64-redhat-linux
Configured with: ../configure --prefix=/usr --mandir=/usr/share/man --infodir=/usr/share/info --with-bugurl=http://bugzilla.redhat.com/bugzilla --enable-bootstrap --enable-shared --enable-threads=posix --enable-checking=release --with-system-zlib --enable-__cxa_atexit --disable-libunwind-exceptions --enable-gnu-unique-object --enable-languages=c,c++,objc,obj-c++,java,fortran,ada --enable-java-awt=gtk --disable-dssi --with-java-home=/usr/lib/jvm/java-1.5.0-gcj-1.5.0.0/jre --enable-libgcj-multifile --enable-java-maintainer-mode --with-ecj-jar=/usr/share/java/eclipse-ecj.jar --disable-libjava-multilib --with-ppl --with-cloog --with-tune=generic --with-arch_32=i686 --build=x86_64-redhat-linux
Thread model: posix
gcc version 4.4.7 20120313 (Red Hat 4.4.7-11) (GCC) 
configure:2894: $? = 0
configure:2901: gcc -V >&5
gcc: '-V' option must have argument
configure:2905: $? = 1
configure:2928: checking for C compiler default output file name
configure:2950: gcc    conftest.c  >&5
configure:2954: $? = 0
configure:2992: result: a.out
configure:3011: checking whether the C compiler works
configure:3021: ./a.out
configure:3025: $? = 0
configure:3044: result: yes
configure:3051: checking whether we are cross compiling
configure:3053: result: no
configure:3056: checking for suffix of executables
configure:3063: gcc -o conftest    conftest.c  >&5
configure:3067: $? = 0
configure:3093: result: 
configure:3099: checking for suffix of object files
configure:3125: gcc -c   conftest.c >&5
configure:3129: $? = 0
configure:3154: result: o
configure:3158: checking whether we are using the GNU C compiler
configure:3187: gcc -c   conftest.c >&5
configure:3194: $? = 0
configure:3211: result: yes
configure:3220: checking whether gcc accepts -g
configure:3250: gcc -c -g  conftest.c >&5
configure:3257: $? = 0
configure:3358: result: yes
configure:3375: checking for gcc option to accept ISO C89
configure:3449: gcc  -c -g -O2  conftest.c >&5
configure:3456: $? = 0
configure:3479: result: none needed
configure:3508: checking for style of include used by make
configure:3536: result: GNU
configure:3561: checking dependency style of gcc
configure:3671: result: gcc3
configure:3707: checking for a BSD-compatible install
configure:3775: result: /usr/bin/install -c
configure:3817: checking build system type
configure:3835: result: x86_64-unknown-linux-gnu
configure:3857: checking host system type
configure:3872: result: x86_64-unknown-linux-gnu
configure:3894: checking for a sed that does not truncate output
configure:3960: result: /bin/sed
configure:3978: checking for grep that handles long lines and -e
configure:4038: result: /bin/grep
configure:4043: checking for egrep
configure:4107: result: /bin/grep -E
configure:4112: checking for fgrep
configure:4176: result: /bin/grep -F
configure:4211: checking for ld used by gcc
configure:4278: result: /usr/bin/ld
configure:4287: checking if the linker (/usr/bin/ld) is GNU ld
configure:4302: result: yes
configure:4314: checking for BSD- or MS-compatible name lister (nm)
configure:4363: result: /usr/bin/nm -B
configure:4481: checking the name lister (/usr/bin/nm -B) interface
configure:4488: gcc -c -g -O3  conftest.c >&5
configure:4491: /usr/bin/nm -B "conftest.o"
configure:4494: output
0000000000000000 B some_variable
configure:4501: result: BSD nm
configure:4504: checking whether ln -s works
configure:4508: result: yes
configure:4516: checking the maximum length of command line arguments
configure:4636: result: 1966080
configure:4653: checking whether the shell understands some XSI constructs
configure:4663: result: yes
configure:4667: checking whether the shell understands "+="
configure:4673: result: yes
configure:4708: checking for /usr/bin/ld option to reload object files
configure:4715: result: -r
configure:4784: checking for objdump
configure:4800: found /usr/bin/objdump
configure:4811: result: objdump
configure:4843: checking how to recognize dependent libraries
configure:5039: result: pass_all
configure:5099: checking for ar
configure:5115: found /usr/bin/ar
configure:5126: result: ar
configure:5204: checking for strip
configure:5220: found /usr/bin/strip
configure:5231: result: strip
configure:5303: checking for ranlib
configure:5319: found /usr/bin/ranlib
configure:5330: result: ranlib
configure:5420: checking command to parse /usr/bin/nm -B output from gcc object
configure:5538: gcc -c -g -O3  conftest.c >&5
configure:5541: $? = 0
configure:5545: /usr/bin/nm -B conftest.o \| sed -n -e 's/^.*[	 ]\([ABCDGIRSTW][ABCDGIRSTW]*\)[	 ][	 ]*\([_A-Za-z][_A-Za-z0-9]*\)$/\1 \2 \2/p' \> conftest.nm
configure:5548: $? = 0
configure:5602: gcc -o conftest -g -O3   conftest.c conftstm.o >&5
configure:5605: $? = 0
configure:5643: result: ok
configure:5739: gcc -c -g -O3  conftest.c >&5
configure:5742: $? = 0
configure:6510: checking how to run the C preprocessor
configure:6550: gcc -E  conftest.c
configure:6557: $? = 0
configure:6588: gcc -E  conftest.c
conftest.c:10:28: error: ac_nonexistent.h: No such file or directory
configure:6595: $? = 1
configure: failed program was:
| /* confdefs.h.  */
| #define PACKAGE_NAME ""
| #define PACKAGE_TARNAME ""
| #define PACKAGE_VERSION ""
| #define PACKAGE_STRING ""
| #define PACKAGE_BUGREPORT ""
| #define PACKAGE "libev"
| #define VERSION "4.19"
| /* end confdefs.h.  */
| #include <ac_nonexistent.h>
configure:6628: result: gcc -E
configure:6657: gcc -E  conftest.c
configure:6664: $? = 0
configure:6695: gcc -E  conftest.c
conftest.c:10:28: error: ac_nonexistent.h: No such file or directory
configure:6702: $? = 1
configure: failed program was:
| /* confdefs.h.  */
| #define PACKAGE_NAME ""
| #define PACKAGE_TARNAME ""
| #define PACKAGE_VERSION ""
| #define PACKAGE_STRING ""
| #define PACKAGE_BUGREPORT ""
| #define PACKAGE "libev"
| #define VERSION "4.19"
| /* end confdefs.h.  */
| #include <ac_nonexistent.h>
configure:6742: checking for ANSI C header files
configure:6772: gcc -c -g -O3  conftest.c >&5
configure:6779: $? = 0
configure:6878: gcc -o conftest -g -O3   conftest.c  >&5
configure:6882: $? = 0
configure:6888: ./conftest
configure:6892: $? = 0
configure:6910: result: yes
configure:6934: checking for sys/types.h
configure:6955: gcc -c -g -O3  conftest.c >&5
configure:6962: $? = 0
configure:6979: result: yes
configure:6934: checking for sys/stat.h
configure:6955: gcc -c -g -O3  conftest.c >&5
configure:6962: $? = 0
configure:6979: result: yes
configure:6934: checking for stdlib.h
configure:6955: gcc -c -g -O3  conftest.c >&5
configure:6962: $? = 0
configure:6979: result: yes
configure:6934: checking for string.h
configure:6955: gcc -c -g -O3  conftest.c >&5
configure:6962: $? = 0
configure:6979: result: yes
configure:6934: checking for memory.h
configure:6955: gcc -c -g -O3  conftest.c >&5
configure:6962: $? = 0
configure:6979: result: yes
configure:6934: checking for strings.h
configure:6955: gcc -c -g -O3  conftest.c >&5
configure:6962: $? = 0
configure:6979: result: yes
configure:6934: checking for inttypes.h
configure:6955: gcc -c -g -O3  conftest.c >&5
configure:6962: $? = 0
configure:6979: result: yes
configure:6934: checking for stdint.h
configure:6955: gcc -c -g -O3  conftest.c >&5
configure:6962: $? = 0
configure:6979: result: yes
configure:6934: checking for unistd.h
configure:6955: gcc -c -g -O3  conftest.c >&5
configure:6962: $? = 0
configure:6979: result: yes
configure:6997: checking for dlfcn.h
configure:7018: gcc -c -g -O3  conftest.c >&5
configure:7025: $? = 0
configure:7042: result: yes
configure:7228: checking for objdir
configure:7243: result: .libs
configure:7535: checking if gcc supports -fno-rtti -fno-exceptions
configure:7553: gcc -c -g -O3  -fno-rtti -fno-exceptions conftest.c >&5
cc1: warning: command line option "-fno-rtti" is valid for C++/ObjC++ but not for C
configure:7557: $? = 0
configure:7570: result: no
configure:7590: checking for gcc option to produce PIC
configure:7862: result: -fPIC -DPIC
configure:7874: checking if gcc PIC flag -fPIC -DPIC works
configure:7892: gcc -c -g -O3  -fPIC -DPIC -DPIC conftest.c >&5
configure:7896: $? = 0
configure:7909: result: yes
configure:7933: checking if gcc static flag -static works
configure:7961: result: no
configure:7976: checking if gcc supports -c -o file.o
configure:7997: gcc -c -g -O3  -o out/conftest2.o conftest.c >&5
configure:8001: $? = 0
configure:8023: result: yes
configure:8031: checking if gcc supports -c -o file.o
configure:8078: result: yes
configure:8111: checking whether the gcc linker (/usr/bin/ld -m elf_x86_64) supports shared libraries
configure:9185: result: yes
configure:9222: checking whether -lc should be explicitly linked in
configure:9227: gcc -c -g -O3  conftest.c >&5
configure:9230: $? = 0
configure:9245: gcc -shared conftest.o  -v -Wl,-soname -Wl,conftest -o conftest 2\>\&1 \| /bin/grep  -lc  \>/dev/null 2\>\&1
configure:9248: $? = 0
configure:9260: result: no
configure:9424: checking dynamic linker characteristics
configure:9867: gcc -o conftest -g -O3   -Wl,-rpath -Wl,/foo conftest.c  >&5
configure:9874: $? = 0
configure:10110: result: GNU/Linux ld.so
configure:10212: checking how to hardcode library paths into programs
configure:10237: result: immediate
configure:11070: checking whether stripping libraries is possible
configure:11075: result: yes
configure:11110: checking if libtool supports shared libraries
configure:11112: result: yes
configure:11115: checking whether to build shared libraries
configure:11136: result: yes
configure:11139: checking whether to build static libraries
configure:11143: result: yes
configure:11203: checking sys/inotify.h usability
configure:11220: gcc -c -g -O3  conftest.c >&5
configure:11227: $? = 0
configure:11241: result: yes
configure:11245: checking sys/inotify.h presence
configure:11260: gcc -E  conftest.c
configure:11267: $? = 0
configure:11281: result: yes
configure:11309: checking for sys/inotify.h
configure:11318: result: yes
configure:11203: checking sys/epoll.h usability
configure:11220: gcc -c -g -O3  conftest.c >&5
configure:11227: $? = 0
configure:11241: result: yes
configure:11245: checking sys/epoll.h presence
configure:11260: gcc -E  conftest.c
configure:11267: $? = 0
configure:11281: result: yes
configure:11309: checking for sys/epoll.h
configure:11318: result: yes
configure:11203: checking sys/event.h usability
configure:11220: gcc -c -g -O3  conftest.c >&5
conftest.c:57:23: error: sys/event.h: No such file or directory
configure:11227: $? = 1
configure: failed program was:
| /* confdefs.h.  */
| #define PACKAGE_NAME ""
| #define PACKAGE_TARNAME ""
| #define PACKAGE_VERSION ""
| #define PACKAGE_STRING ""
| #define PACKAGE_BUGREPORT ""
| #define PACKAGE "libev"
| #define VERSION "4.19"
| #define STDC_HEADERS 1
| #define HAVE_SYS_TYPES_H 1
| #define HAVE_SYS_STAT_H 1
| #define HAVE_STDLIB_H 1
| #define HAVE_STRING_H 1
| #define HAVE_MEMORY_H 1
| #define HAVE_STRINGS_H 1
| #define HAVE_INTTYPES_H 1
| #define HAVE_STDINT_H 1
| #define HAVE_UNISTD_H 1
| #define HAVE_DLFCN_H 1
| #define LT_OBJDIR ".libs/"
| #define HAVE_SYS_INOTIFY_H 1
| #define HAVE_SYS_EPOLL_H 1
| /* end confdefs.h.  */
| #include <stdio.h>
| #ifdef HAVE_SYS_TYPES_H
| # include <sys/types.h>
| #endif
| #ifdef HAVE_SYS_STAT_H
| # include <sys/stat.h>
| #endif
| #ifdef STDC_HEADERS
| # include <stdlib.h>
| # include <stddef.h>
| #else
| # ifdef HAVE_STDLIB_H
| #  include <stdlib.h>
| # endif
| #endif
| #ifdef HAVE_STRING_H
| # if !defined STDC_HEADERS && defined HAVE_MEMORY_H
| #  include <memory.h>
| # endif
| # include <string.h>
| #endif
| #ifdef HAVE_STRINGS_H
| # include <strings.h>
| #endif
| #ifdef HAVE_INTTYPES_H
| # include <inttypes.h>
| #endif
| #ifdef HAVE_STDINT_H
| # include <stdint.h>
| #endif
| #ifdef HAVE_UNISTD_H
| # include <unistd.h>
| #endif
| #include <sys/event.h>
configure:11241: result: no
configure:11245: checking sys/event.h presence
configure:11260: gcc -E  conftest.c
conftest.c:24:23: error: sys/event.h: No such file or directory
configure:11267: $? = 1
configure: failed program was:
| /* confdefs.h.  */
| #define PACKAGE_NAME ""
| #define PACKAGE_TARNAME ""
| #define PACKAGE_VERSION ""
| #define PACKAGE_STRING ""
| #define PACKAGE_BUGREPORT ""
| #define PACKAGE "libev"
| #define VERSION "4.19"
| #define STDC_HEADERS 1
| #define HAVE_SYS_TYPES_H 1
| #define HAVE_SYS_STAT_H 1
| #define HAVE_STDLIB_H 1
| #define HAVE_STRING_H 1
| #define HAVE_MEMORY_H 1
| #define HAVE_STRINGS_H 1
| #define HAVE_INTTYPES_H 1
| #define HAVE_STDINT_H 1
| #define HAVE_UNISTD_H 1
| #define HAVE_DLFCN_H 1
| #define LT_OBJDIR ".libs/"
| #define HAVE_SYS_INOTIFY_H 1
| #define HAVE_SYS_EPOLL_H 1
| /* end confdefs.h.  */
| #include <sys/event.h>
configure:11281: result: no
configure:11309: checking for sys/event.h
configure:11318: result: no
configure:11203: checking port.h usability
configure:11220: gcc -c -g -O3  conftest.c >&5
conftest.c:57:18: error: port.h: No such file or directory
configure:11227: $? = 1
configure: failed program was:
| /* confdefs.h.  */
| #define PACKAGE_NAME ""
| #define PACKAGE_TARNAME ""
| #define PACKAGE_VERSION ""
| #define PACKAGE_STRING ""
| #define PACKAGE_BUGREPORT ""
| #define PACKAGE "libev"
| #define VERSION "4.19"
| #define STDC_HEADERS 1
| #define HAVE_SYS_TYPES_H 1
| #define HAVE_SYS_STAT_H 1
| #define HAVE_STDLIB_H 1
| #define HAVE_STRING_H 1
| #define HAVE_MEMORY_H 1
| #define HAVE_STRINGS_H 1
| #define HAVE_INTTYPES_H 1
| #define HAVE_STDINT_H 1
| #define HAVE_UNISTD_H 1
| #define HAVE_DLFCN_H 1
| #define LT_OBJDIR ".libs/"
| #define HAVE_SYS_INOTIFY_H 1
| #define HAVE_SYS_EPOLL_H 1
| /* end confdefs.h.  */
| #include <stdio.h>
| #ifdef HAVE_SYS_TYPES_H
| # include <sys/types.h>
| #endif
| #ifdef HAVE_SYS_STAT_H
| # include <sys/stat.h>
| #endif
| #ifdef STDC_HEADERS
| # include <stdlib.h>
| # include <stddef.h>
| #else
| # ifdef HAVE_STDLIB_H
| #  include <stdlib.h>
| # endif
| #endif
| #ifdef HAVE_STRING_H
| # if !defined STDC_HEADERS && defined HAVE_MEMORY_H
| #  include <memory.h>
| # endif
| # include <string.h>
| #endif
| #ifdef HAVE_STRINGS_H
| # include <strings.h>
| #endif
| #ifdef HAVE_INTTYPES_H
| # include <inttypes.h>
| #endif
| #ifdef HAVE_STDINT_H
| # include <stdint.h>
| #endif
| #ifdef HAVE_UNISTD_H
| # include <unistd.h>
| #endif
| #include <port.h>
configure:11241: result: no
configure:11245: checking port.h presence
configure:11260: gcc -E  conftest.c
conftest.c:24:18: error: port.h: No such file or directory
configure:11267: $? = 1
configure: failed program was:
| /* confdefs.h.  */
| #define PACKAGE_NAME ""
| #define PACKAGE_TARNAME ""
| #define PACKAGE_VERSION ""
| #define PACKAGE_STRING ""
| #define PACKAGE_BUGREPORT ""
| #define PACKAGE "libev"
| #define VERSION "4.19"
| #define STDC_HEADERS 1
| #define HAVE_SYS_TYPES_H 1
| #define HAVE_SYS_STAT_H 1
| #define HAVE_STDLIB_H 1
| #define HAVE_STRING_H 1
| #define HAVE_MEMORY_H 1
| #define HAVE_STRINGS_H 1
| #define HAVE_INTTYPES_H 1
| #define HAVE_STDINT_H 1
| #define HAVE_UNISTD_H 1
| #define HAVE_DLFCN_H 1
| #define LT_OBJDIR ".libs/"
| #define HAVE_SYS_INOTIFY_H 1
| #define HAVE_SYS_EPOLL_H 1
| /* end confdefs.h.  */
| #include <port.h>
configure:11281: result: no
configure:11309: checking for port.h
configure:11318: result: no
configure:11203: checking poll.h usability
configure:11220: gcc -c -g -O3  conftest.c >&5
configure:11227: $? = 0
configure:11241: result: yes
configure:11245: checking poll.h presence
configure:11260: gcc -E  conftest.c
configure:11267: $? = 0
configure:11281: result: yes
configure:11309: checking for poll.h
configure:11318: result: yes
configure:11203: checking sys/select.h usability
configure:11220: gcc -c -g -O3  conftest.c >&5
configure:11227: $? = 0
configure:11241: result: yes
configure:11245: checking sys/select.h presence
configure:11260: gcc -E  conftest.c
configure:11267: $? = 0
configure:11281: result: yes
configure:11309: checking for sys/select.h
configure:11318: result: yes
configure:11203: checking sys/eventfd.h usability
configure:11220: gcc -c -g -O3  conftest.c >&5
configure:11227: $? = 0
configure:11241: result: yes
configure:11245: checking sys/eventfd.h presence
configure:11260: gcc -E  conftest.c
configure:11267: $? = 0
configure:11281: result: yes
configure:11309: checking for sys/eventfd.h
configure:11318: result: yes
configure:11203: checking sys/signalfd.h usability
configure:11220: gcc -c -g -O3  conftest.c >&5
configure:11227: $? = 0
configure:11241: result: yes
configure:11245: checking sys/signalfd.h presence
configure:11260: gcc -E  conftest.c
configure:11267: $? = 0
configure:11281: result: yes
configure:11309: checking for sys/signalfd.h
configure:11318: result: yes
configure:11345: checking for inotify_init
configure:11401: gcc -o conftest -g -O3   conftest.c  >&5
configure:11408: $? = 0
configure:11430: result: yes
configure:11345: checking for epoll_ctl
configure:11401: gcc -o conftest -g -O3   conftest.c  >&5
configure:11408: $? = 0
configure:11430: result: yes
configure:11345: checking for kqueue
configure:11401: gcc -o conftest -g -O3   conftest.c  >&5
/tmp/cckZodIK.o: In function `main':
/home/cheng/company/supex/lib/libev/conftest.c:64: undefined reference to `kqueue'
collect2: ld returned 1 exit status
configure:11408: $? = 1
configure: failed program was:
| /* confdefs.h.  */
| #define PACKAGE_NAME ""
| #define PACKAGE_TARNAME ""
| #define PACKAGE_VERSION ""
| #define PACKAGE_STRING ""
| #define PACKAGE_BUGREPORT ""
| #define PACKAGE "libev"
| #define VERSION "4.19"
| #define STDC_HEADERS 1
| #define HAVE_SYS_TYPES_H 1
| #define HAVE_SYS_STAT_H 1
| #define HAVE_STDLIB_H 1
| #define HAVE_STRING_H 1
| #define HAVE_MEMORY_H 1
| #define HAVE_STRINGS_H 1
| #define HAVE_INTTYPES_H 1
| #define HAVE_STDINT_H 1
| #define HAVE_UNISTD_H 1
| #define HAVE_DLFCN_H 1
| #define LT_OBJDIR ".libs/"
| #define HAVE_SYS_INOTIFY_H 1
| #define HAVE_SYS_EPOLL_H 1
| #define HAVE_POLL_H 1
| #define HAVE_SYS_SELECT_H 1
| #define HAVE_SYS_EVENTFD_H 1
| #define HAVE_SYS_SIGNALFD_H 1
| #define HAVE_INOTIFY_INIT 1
| #define HAVE_EPOLL_CTL 1
| /* end confdefs.h.  */
| /* Define kqueue to an innocuous variant, in case <limits.h> declares kqueue.
|    For example, HP-UX 11i <limits.h> declares gettimeofday.  */
| #define kqueue innocuous_kqueue
| 
| /* System header to define __stub macros and hopefully few prototypes,
|     which can conflict with char kqueue (); below.
|     Prefer <limits.h> to <assert.h> if __STDC__ is defined, since
|     <limits.h> exists even on freestanding compilers.  */
| 
| #ifdef __STDC__
| # include <limits.h>
| #else
| # include <assert.h>
| #endif
| 
| #undef kqueue
| 
| /* Override any GCC internal prototype to avoid an error.
|    Use char because int might match the return type of a GCC
|    builtin and then its argument prototype would still apply.  */
| #ifdef __cplusplus
| extern "C"
| #endif
| char kqueue ();
| /* The GNU C library defines this for functions which it implements
|     to always fail with ENOSYS.  Some functions are actually named
|     something starting with __ and the normal name is an alias.  */
| #if defined __stub_kqueue || defined __stub___kqueue
| choke me
| #endif
| 
| int
| main ()
| {
| return kqueue ();
|   ;
|   return 0;
| }
configure:11430: result: no
configure:11345: checking for port_create
configure:11401: gcc -o conftest -g -O3   conftest.c  >&5
/tmp/cchrbcuR.o: In function `main':
/home/cheng/company/supex/lib/libev/conftest.c:64: undefined reference to `port_create'
collect2: ld returned 1 exit status
configure:11408: $? = 1
configure: failed program was:
| /* confdefs.h.  */
| #define PACKAGE_NAME ""
| #define PACKAGE_TARNAME ""
| #define PACKAGE_VERSION ""
| #define PACKAGE_STRING ""
| #define PACKAGE_BUGREPORT ""
| #define PACKAGE "libev"
| #define VERSION "4.19"
| #define STDC_HEADERS 1
| #define HAVE_SYS_TYPES_H 1
| #define HAVE_SYS_STAT_H 1
| #define HAVE_STDLIB_H 1
| #define HAVE_STRING_H 1
| #define HAVE_MEMORY_H 1
| #define HAVE_STRINGS_H 1
| #define HAVE_INTTYPES_H 1
| #define HAVE_STDINT_H 1
| #define HAVE_UNISTD_H 1
| #define HAVE_DLFCN_H 1
| #define LT_OBJDIR ".libs/"
| #define HAVE_SYS_INOTIFY_H 1
| #define HAVE_SYS_EPOLL_H 1
| #define HAVE_POLL_H 1
| #define HAVE_SYS_SELECT_H 1
| #define HAVE_SYS_EVENTFD_H 1
| #define HAVE_SYS_SIGNALFD_H 1
| #define HAVE_INOTIFY_INIT 1
| #define HAVE_EPOLL_CTL 1
| /* end confdefs.h.  */
| /* Define port_create to an innocuous variant, in case <limits.h> declares port_create.
|    For example, HP-UX 11i <limits.h> declares gettimeofday.  */
| #define port_create innocuous_port_create
| 
| /* System header to define __stub macros and hopefully few prototypes,
|     which can conflict with char port_create (); below.
|     Prefer <limits.h> to <assert.h> if __STDC__ is defined, since
|     <limits.h> exists even on freestanding compilers.  */
| 
| #ifdef __STDC__
| # include <limits.h>
| #else
| # include <assert.h>
| #endif
| 
| #undef port_create
| 
| /* Override any GCC internal prototype to avoid an error.
|    Use char because int might match the return type of a GCC
|    builtin and then its argument prototype would still apply.  */
| #ifdef __cplusplus
| extern "C"
| #endif
| char port_create ();
| /* The GNU C library defines this for functions which it implements
|     to always fail with ENOSYS.  Some functions are actually named
|     something starting with __ and the normal name is an alias.  */
| #if defined __stub_port_create || defined __stub___port_create
| choke me
| #endif
| 
| int
| main ()
| {
| return port_create ();
|   ;
|   return 0;
| }
configure:11430: result: no
configure:11345: checking for poll
configure:11401: gcc -o conftest -g -O3   conftest.c  >&5
configure:11408: $? = 0
configure:11430: result: yes
configure:11345: checking for select
configure:11401: gcc -o conftest -g -O3   conftest.c  >&5
configure:11408: $? = 0
configure:11430: result: yes
configure:11345: checking for eventfd
configure:11401: gcc -o conftest -g -O3   conftest.c  >&5
configure:11408: $? = 0
configure:11430: result: yes
configure:11345: checking for signalfd
configure:11401: gcc -o conftest -g -O3   conftest.c  >&5
configure:11408: $? = 0
configure:11430: result: yes
configure:11447: checking for clock_gettime
configure:11503: gcc -o conftest -g -O3   conftest.c  >&5
/tmp/cc8FnJ4Z.o: In function `main':
/home/cheng/company/supex/lib/libev/conftest.c:68: undefined reference to `clock_gettime'
collect2: ld returned 1 exit status
configure:11510: $? = 1
configure: failed program was:
| /* confdefs.h.  */
| #define PACKAGE_NAME ""
| #define PACKAGE_TARNAME ""
| #define PACKAGE_VERSION ""
| #define PACKAGE_STRING ""
| #define PACKAGE_BUGREPORT ""
| #define PACKAGE "libev"
| #define VERSION "4.19"
| #define STDC_HEADERS 1
| #define HAVE_SYS_TYPES_H 1
| #define HAVE_SYS_STAT_H 1
| #define HAVE_STDLIB_H 1
| #define HAVE_STRING_H 1
| #define HAVE_MEMORY_H 1
| #define HAVE_STRINGS_H 1
| #define HAVE_INTTYPES_H 1
| #define HAVE_STDINT_H 1
| #define HAVE_UNISTD_H 1
| #define HAVE_DLFCN_H 1
| #define LT_OBJDIR ".libs/"
| #define HAVE_SYS_INOTIFY_H 1
| #define HAVE_SYS_EPOLL_H 1
| #define HAVE_POLL_H 1
| #define HAVE_SYS_SELECT_H 1
| #define HAVE_SYS_EVENTFD_H 1
| #define HAVE_SYS_SIGNALFD_H 1
| #define HAVE_INOTIFY_INIT 1
| #define HAVE_EPOLL_CTL 1
| #define HAVE_POLL 1
| #define HAVE_SELECT 1
| #define HAVE_EVENTFD 1
| #define HAVE_SIGNALFD 1
| /* end confdefs.h.  */
| /* Define clock_gettime to an innocuous variant, in case <limits.h> declares clock_gettime.
|    For example, HP-UX 11i <limits.h> declares gettimeofday.  */
| #define clock_gettime innocuous_clock_gettime
| 
| /* System header to define __stub macros and hopefully few prototypes,
|     which can conflict with char clock_gettime (); below.
|     Prefer <limits.h> to <assert.h> if __STDC__ is defined, since
|     <limits.h> exists even on freestanding compilers.  */
| 
| #ifdef __STDC__
| # include <limits.h>
| #else
| # include <assert.h>
| #endif
| 
| #undef clock_gettime
| 
| /* Override any GCC internal prototype to avoid an error.
|    Use char because int might match the return type of a GCC
|    builtin and then its argument prototype would still apply.  */
| #ifdef __cplusplus
| extern "C"
| #endif
| char clock_gettime ();
| /* The GNU C library defines this for functions which it implements
|     to always fail with ENOSYS.  Some functions are actually named
|     something starting with __ and the normal name is an alias.  */
| #if defined __stub_clock_gettime || defined __stub___clock_gettime
| choke me
| #endif
| 
| int
| main ()
| {
| return clock_gettime ();
|   ;
|   return 0;
| }
configure:11532: result: no
configure:11544: checking for clock_gettime syscall
configure:11569: gcc -o conftest -g -O3   conftest.c  >&5
configure:11576: $? = 0
configure:11590: result: yes
configure:11792: checking for nanosleep
configure:11848: gcc -o conftest -g -O3   conftest.c  >&5
configure:11855: $? = 0
configure:11877: result: yes
configure:12075: checking for library containing floor
configure:12116: gcc -o conftest -g -O3   conftest.c  >&5
conftest.c:43: warning: conflicting types for built-in function 'floor'
/tmp/ccOubZ3H.o: In function `main':
/home/cheng/company/supex/lib/libev/conftest.c:47: undefined reference to `floor'
collect2: ld returned 1 exit status
configure:12123: $? = 1
configure: failed program was:
| /* confdefs.h.  */
| #define PACKAGE_NAME ""
| #define PACKAGE_TARNAME ""
| #define PACKAGE_VERSION ""
| #define PACKAGE_STRING ""
| #define PACKAGE_BUGREPORT ""
| #define PACKAGE "libev"
| #define VERSION "4.19"
| #define STDC_HEADERS 1
| #define HAVE_SYS_TYPES_H 1
| #define HAVE_SYS_STAT_H 1
| #define HAVE_STDLIB_H 1
| #define HAVE_STRING_H 1
| #define HAVE_MEMORY_H 1
| #define HAVE_STRINGS_H 1
| #define HAVE_INTTYPES_H 1
| #define HAVE_STDINT_H 1
| #define HAVE_UNISTD_H 1
| #define HAVE_DLFCN_H 1
| #define LT_OBJDIR ".libs/"
| #define HAVE_SYS_INOTIFY_H 1
| #define HAVE_SYS_EPOLL_H 1
| #define HAVE_POLL_H 1
| #define HAVE_SYS_SELECT_H 1
| #define HAVE_SYS_EVENTFD_H 1
| #define HAVE_SYS_SIGNALFD_H 1
| #define HAVE_INOTIFY_INIT 1
| #define HAVE_EPOLL_CTL 1
| #define HAVE_POLL 1
| #define HAVE_SELECT 1
| #define HAVE_EVENTFD 1
| #define HAVE_SIGNALFD 1
| #define HAVE_CLOCK_SYSCALL 1
| #define HAVE_NANOSLEEP 1
| /* end confdefs.h.  */
| 
| /* Override any GCC internal prototype to avoid an error.
|    Use char because int might match the return type of a GCC
|    builtin and then its argument prototype would still apply.  */
| #ifdef __cplusplus
| extern "C"
| #endif
| char floor ();
| int
| main ()
| {
| return floor ();
|   ;
|   return 0;
| }
configure:12116: gcc -o conftest -g -O3   conftest.c -lm   >&5
conftest.c:43: warning: conflicting types for built-in function 'floor'
configure:12123: $? = 0
configure:12154: result: -lm
configure:12302: creating ./config.status

## ---------------------- ##
## Running config.status. ##
## ---------------------- ##

This file was extended by config.status, which was
generated by GNU Autoconf 2.63.  Invocation command line was

  CONFIG_FILES    = 
  CONFIG_HEADERS  = 
  CONFIG_LINKS    = 
  CONFIG_COMMANDS = 
  $ ./config.status 

on localhost.localdomain

config.status:1001: creating Makefile
config.status:1001: creating config.h
config.status:1275: executing depfiles commands
config.status:1275: executing libtool commands

## ---------------- ##
## Cache variables. ##
## ---------------- ##

ac_cv_build=x86_64-unknown-linux-gnu
ac_cv_c_compiler_gnu=yes
ac_cv_env_CC_set=
ac_cv_env_CC_value=
ac_cv_env_CFLAGS_set=
ac_cv_env_CFLAGS_value=
ac_cv_env_CPPFLAGS_set=
ac_cv_env_CPPFLAGS_value=
ac_cv_env_CPP_set=
ac_cv_env_CPP_value=
ac_cv_env_LDFLAGS_set=
ac_cv_env_LDFLAGS_value=
ac_cv_env_LIBS_set=
ac_cv_env_LIBS_value=
ac_cv_env_build_alias_set=
ac_cv_env_build_alias_value=
ac_cv_env_host_alias_set=
ac_cv_env_host_alias_value=
ac_cv_env_target_alias_set=
ac_cv_env_target_alias_value=
ac_cv_func_clock_gettime=no
ac_cv_func_epoll_ctl=yes
ac_cv_func_eventfd=yes
ac_cv_func_inotify_init=yes
ac_cv_func_kqueue=no
ac_cv_func_nanosleep=yes
ac_cv_func_poll=yes
ac_cv_func_port_create=no
ac_cv_func_select=yes
ac_cv_func_signalfd=yes
ac_cv_header_dlfcn_h=yes
ac_cv_header_inttypes_h=yes
ac_cv_header_memory_h=yes
ac_cv_header_poll_h=yes
ac_cv_header_port_h=no
ac_cv_header_stdc=yes
ac_cv_header_stdint_h=yes
ac_cv_header_stdlib_h=yes
ac_cv_header_string_h=yes
ac_cv_header_strings_h=yes
ac_cv_header_sys_epoll_h=yes
ac_cv_header_sys_event_h=no
ac_cv_header_sys_eventfd_h=yes
ac_cv_header_sys_inotify_h=yes
ac_cv_header_sys_select_h=yes
ac_cv_header_sys_signalfd_h=yes
ac_cv_header_sys_stat_h=yes
ac_cv_header_sys_types_h=yes
ac_cv_header_unistd_h=yes
ac_cv_host=x86_64-unknown-linux-gnu
ac_cv_objext=o
ac_cv_path_EGREP='/bin/grep -E'
ac_cv_path_FGREP='/bin/grep -F'
ac_cv_path_GREP=/bin/grep
ac_cv_path_SED=/bin/sed
ac_cv_path_install='/usr/bin/install -c'
ac_cv_path_mkdir=/bin/mkdir
ac_cv_prog_AWK=gawk
ac_cv_prog_CPP='gcc -E'
ac_cv_prog_ac_ct_AR=ar
ac_cv_prog_ac_ct_CC=gcc
ac_cv_prog_ac_ct_OBJDUMP=objdump
ac_cv_prog_ac_ct_RANLIB=ranlib
ac_cv_prog_ac_ct_STRIP=strip
ac_cv_prog_cc_c89=
ac_cv_prog_cc_g=yes
ac_cv_prog_make_make_set=yes
ac_cv_search_floor=-lm
am_cv_CC_dependencies_compiler_type=gcc3
lt_cv_deplibs_check_method=pass_all
lt_cv_file_magic_cmd='$MAGIC_CMD'
lt_cv_file_magic_test_file=
lt_cv_ld_reload_flag=-r
lt_cv_nm_interface='BSD nm'
lt_cv_objdir=.libs
lt_cv_path_LD=/usr/bin/ld
lt_cv_path_NM='/usr/bin/nm -B'
lt_cv_prog_compiler_c_o=yes
lt_cv_prog_compiler_pic_works=yes
lt_cv_prog_compiler_rtti_exceptions=no
lt_cv_prog_compiler_static_works=no
lt_cv_prog_gnu_ld=yes
lt_cv_sys_global_symbol_pipe='sed -n -e '\''s/^.*[	 ]\([ABCDGIRSTW][ABCDGIRSTW]*\)[	 ][	 ]*\([_A-Za-z][_A-Za-z0-9]*\)$/\1 \2 \2/p'\'''
lt_cv_sys_global_symbol_to_c_name_address='sed -n -e '\''s/^: \([^ ]*\) $/  {\"\1\", (void *) 0},/p'\'' -e '\''s/^[ABCDGIRSTW]* \([^ ]*\) \([^ ]*\)$/  {"\2", (void *) \&\2},/p'\'''
lt_cv_sys_global_symbol_to_c_name_address_lib_prefix='sed -n -e '\''s/^: \([^ ]*\) $/  {\"\1\", (void *) 0},/p'\'' -e '\''s/^[ABCDGIRSTW]* \([^ ]*\) \(lib[^ ]*\)$/  {"\2", (void *) \&\2},/p'\'' -e '\''s/^[ABCDGIRSTW]* \([^ ]*\) \([^ ]*\)$/  {"lib\2", (void *) \&\2},/p'\'''
lt_cv_sys_global_symbol_to_cdecl='sed -n -e '\''s/^T .* \(.*\)$/extern int \1();/p'\'' -e '\''s/^[ABCDGIRSTW]* .* \(.*\)$/extern char \1;/p'\'''
lt_cv_sys_max_cmd_len=1966080

## ----------------- ##
## Output variables. ##
## ----------------- ##

ACLOCAL='${SHELL} /home/cheng/company/supex/lib/libev/missing --run aclocal-1.11'
AMDEPBACKSLASH='\'
AMDEP_FALSE='#'
AMDEP_TRUE=''
AMTAR='${SHELL} /home/cheng/company/supex/lib/libev/missing --run tar'
AR='ar'
AUTOCONF='${SHELL} /home/cheng/company/supex/lib/libev/missing --run autoconf'
AUTOHEADER='${SHELL} /home/cheng/company/supex/lib/libev/missing --run autoheader'
AUTOMAKE='${SHELL} /home/cheng/company/supex/lib/libev/missing --run automake-1.11'
AWK='gawk'
CC='gcc'
CCDEPMODE='depmode=gcc3'
CFLAGS='-g -O3'
CPP='gcc -E'
CPPFLAGS=''
CYGPATH_W='echo'
DEFS='-DHAVE_CONFIG_H'
DEPDIR='.deps'
DSYMUTIL=''
DUMPBIN=''
ECHO_C=''
ECHO_N='-n'
ECHO_T=''
EGREP='/bin/grep -E'
EXEEXT=''
FGREP='/bin/grep -F'
GREP='/bin/grep'
INSTALL_DATA='${INSTALL} -m 644'
INSTALL_PROGRAM='${INSTALL}'
INSTALL_SCRIPT='${INSTALL}'
INSTALL_STRIP_PROGRAM='$(install_sh) -c -s'
LD='/usr/bin/ld -m elf_x86_64'
LDFLAGS=''
LIBOBJS=''
LIBS='-lm '
LIBTOOL='$(SHELL) $(top_builddir)/libtool'
LIPO=''
LN_S='ln -s'
LTLIBOBJS=''
MAINT='#'
MAINTAINER_MODE_FALSE=''
MAINTAINER_MODE_TRUE='#'
MAKEINFO='${SHELL} /home/cheng/company/supex/lib/libev/missing --run makeinfo'
MKDIR_P='/bin/mkdir -p'
NM='/usr/bin/nm -B'
NMEDIT=''
OBJDUMP='objdump'
OBJEXT='o'
OTOOL64=''
OTOOL=''
PACKAGE='libev'
PACKAGE_BUGREPORT=''
PACKAGE_NAME=''
PACKAGE_STRING=''
PACKAGE_TARNAME=''
PACKAGE_VERSION=''
PATH_SEPARATOR=':'
RANLIB='ranlib'
SED='/bin/sed'
SET_MAKE=''
SHELL='/bin/sh'
STRIP='strip'
VERSION='4.19'
ac_ct_CC='gcc'
ac_ct_DUMPBIN=''
am__EXEEXT_FALSE=''
am__EXEEXT_TRUE='#'
am__fastdepCC_FALSE='#'
am__fastdepCC_TRUE=''
am__include='include'
am__isrc=''
am__leading_dot='.'
am__quote=''
am__tar='${AMTAR} chof - "$$tardir"'
am__untar='${AMTAR} xf -'
bindir='${exec_prefix}/bin'
build='x86_64-unknown-linux-gnu'
build_alias=''
build_cpu='x86_64'
build_os='linux-gnu'
build_vendor='unknown'
datadir='${datarootdir}'
datarootdir='${prefix}/share'
docdir='${datarootdir}/doc/${PACKAGE}'
dvidir='${docdir}'
exec_prefix='${prefix}'
host='x86_64-unknown-linux-gnu'
host_alias=''
host_cpu='x86_64'
host_os='linux-gnu'
host_vendor='unknown'
htmldir='${docdir}'
includedir='${prefix}/include'
infodir='${datarootdir}/info'
install_sh='${SHELL} /home/cheng/company/supex/lib/libev/install-sh'
libdir='${exec_prefix}/lib'
libexecdir='${exec_prefix}/libexec'
localedir='${datarootdir}/locale'
localstatedir='${prefix}/var'
lt_ECHO='echo'
mandir='${datarootdir}/man'
mkdir_p='/bin/mkdir -p'
oldincludedir='/usr/include'
pdfdir='${docdir}'
prefix='/usr/local'
program_transform_name='s,x,x,'
psdir='${docdir}'
sbindir='${exec_prefix}/sbin'
sharedstatedir='${prefix}/com'
sysconfdir='${prefix}/etc'
target_alias=''

## ----------- ##
## confdefs.h. ##
## ----------- ##

#define PACKAGE_NAME ""
#define PACKAGE_TARNAME ""
#define PACKAGE_VERSION ""
#define PACKAGE_STRING ""
#define PACKAGE_BUGREPORT ""
#define PACKAGE "libev"
#define VERSION "4.19"
#define STDC_HEADERS 1
#define HAVE_SYS_TYPES_H 1
#define HAVE_SYS_STAT_H 1
#define HAVE_STDLIB_H 1
#define HAVE_STRING_H 1
#define HAVE_MEMORY_H 1
#define HAVE_STRINGS_H 1
#define HAVE_INTTYPES_H 1
#define HAVE_STDINT_H 1
#define HAVE_UNISTD_H 1
#define HAVE_DLFCN_H 1
#define LT_OBJDIR ".libs/"
#define HAVE_SYS_INOTIFY_H 1
#define HAVE_SYS_EPOLL_H 1
#define HAVE_POLL_H 1
#define HAVE_SYS_SELECT_H 1
#define HAVE_SYS_EVENTFD_H 1
#define HAVE_SYS_SIGNALFD_H 1
#define HAVE_INOTIFY_INIT 1
#define HAVE_EPOLL_CTL 1
#define HAVE_POLL 1
#define HAVE_SELECT 1
#define HAVE_EVENTFD 1
#define HAVE_SIGNALFD 1
#define HAVE_CLOCK_SYSCALL 1
#define HAVE_NANOSLEEP 1
#define HAVE_FLOOR 1

configure: exit 0
