The system is: Linux - 2.6.32-358.el6.x86_64 - x86_64
Compiling the C compiler identification source file "CMakeCCompilerId.c" succeeded.
Compiler: /usr/bin/cc 
Build flags: 
Id flags: 

The output was:
0


Compilation of the C compiler identification source "CMakeCCompilerId.c" produced "a.out"

The C compiler identification is GNU, found in "/home/cheng/company/supex/open/lib/build/CMakeFiles/2.8.12.2/CompilerIdC/a.out"

Determining if the C compiler works passed with the following output:
Change Dir: /home/cheng/company/supex/open/lib/build/CMakeFiles/CMakeTmp

Run Build Command:/usr/bin/gmake "cmTryCompileExec627816521/fast"
gmake[2]: Entering directory `/home/cheng/company/supex/open/lib/build/CMakeFiles/CMakeTmp'
/usr/bin/gmake -f CMakeFiles/cmTryCompileExec627816521.dir/build.make CMakeFiles/cmTryCompileExec627816521.dir/build
gmake[3]: Entering directory `/home/cheng/company/supex/open/lib/build/CMakeFiles/CMakeTmp'
/usr/bin/cmake -E cmake_progress_report /home/cheng/company/supex/open/lib/build/CMakeFiles/CMakeTmp/CMakeFiles 1
Building C object CMakeFiles/cmTryCompileExec627816521.dir/testCCompiler.c.o
/usr/bin/cc    -o CMakeFiles/cmTryCompileExec627816521.dir/testCCompiler.c.o   -c /home/cheng/company/supex/open/lib/build/CMakeFiles/CMakeTmp/testCCompiler.c
Linking C executable cmTryCompileExec627816521
/usr/bin/cmake -E cmake_link_script CMakeFiles/cmTryCompileExec627816521.dir/link.txt --verbose=1
/usr/bin/cc       CMakeFiles/cmTryCompileExec627816521.dir/testCCompiler.c.o  -o cmTryCompileExec627816521 -rdynamic 
gmake[3]: Leaving directory `/home/cheng/company/supex/open/lib/build/CMakeFiles/CMakeTmp'
gmake[2]: Leaving directory `/home/cheng/company/supex/open/lib/build/CMakeFiles/CMakeTmp'


Detecting C compiler ABI info compiled with the following output:
Change Dir: /home/cheng/company/supex/open/lib/build/CMakeFiles/CMakeTmp

Run Build Command:/usr/bin/gmake "cmTryCompileExec1485527588/fast"
gmake[2]: Entering directory `/home/cheng/company/supex/open/lib/build/CMakeFiles/CMakeTmp'
/usr/bin/gmake -f CMakeFiles/cmTryCompileExec1485527588.dir/build.make CMakeFiles/cmTryCompileExec1485527588.dir/build
gmake[3]: Entering directory `/home/cheng/company/supex/open/lib/build/CMakeFiles/CMakeTmp'
/usr/bin/cmake -E cmake_progress_report /home/cheng/company/supex/open/lib/build/CMakeFiles/CMakeTmp/CMakeFiles 1
Building C object CMakeFiles/cmTryCompileExec1485527588.dir/CMakeCCompilerABI.c.o
/usr/bin/cc    -o CMakeFiles/cmTryCompileExec1485527588.dir/CMakeCCompilerABI.c.o   -c /usr/share/cmake/Modules/CMakeCCompilerABI.c
Linking C executable cmTryCompileExec1485527588
/usr/bin/cmake -E cmake_link_script CMakeFiles/cmTryCompileExec1485527588.dir/link.txt --verbose=1
/usr/bin/cc     -v CMakeFiles/cmTryCompileExec1485527588.dir/CMakeCCompilerABI.c.o  -o cmTryCompileExec1485527588 -rdynamic  
使用内建 specs。
目标：x86_64-redhat-linux
配置为：../configure --prefix=/usr --mandir=/usr/share/man --infodir=/usr/share/info --with-bugurl=http://bugzilla.redhat.com/bugzilla --enable-bootstrap --enable-shared --enable-threads=posix --enable-checking=release --with-system-zlib --enable-__cxa_atexit --disable-libunwind-exceptions --enable-gnu-unique-object --enable-languages=c,c++,objc,obj-c++,java,fortran,ada --enable-java-awt=gtk --disable-dssi --with-java-home=/usr/lib/jvm/java-1.5.0-gcj-1.5.0.0/jre --enable-libgcj-multifile --enable-java-maintainer-mode --with-ecj-jar=/usr/share/java/eclipse-ecj.jar --disable-libjava-multilib --with-ppl --with-cloog --with-tune=generic --with-arch_32=i686 --build=x86_64-redhat-linux
线程模型：posix
gcc 版本 4.4.7 20120313 (Red Hat 4.4.7-11) (GCC) 
COMPILER_PATH=/usr/libexec/gcc/x86_64-redhat-linux/4.4.7/:/usr/libexec/gcc/x86_64-redhat-linux/4.4.7/:/usr/libexec/gcc/x86_64-redhat-linux/:/usr/lib/gcc/x86_64-redhat-linux/4.4.7/:/usr/lib/gcc/x86_64-redhat-linux/:/usr/libexec/gcc/x86_64-redhat-linux/4.4.7/:/usr/libexec/gcc/x86_64-redhat-linux/:/usr/lib/gcc/x86_64-redhat-linux/4.4.7/:/usr/lib/gcc/x86_64-redhat-linux/
LIBRARY_PATH=/usr/lib/gcc/x86_64-redhat-linux/4.4.7/:/usr/lib/gcc/x86_64-redhat-linux/4.4.7/:/usr/lib/gcc/x86_64-redhat-linux/4.4.7/../../../../lib64/:/lib/../lib64/:/usr/lib/../lib64/:/usr/lib/gcc/x86_64-redhat-linux/4.4.7/../../../:/lib/:/usr/lib/
COLLECT_GCC_OPTIONS='-v' '-o' 'cmTryCompileExec1485527588' '-rdynamic' '-mtune=generic'
 /usr/libexec/gcc/x86_64-redhat-linux/4.4.7/collect2 --eh-frame-hdr --build-id -m elf_x86_64 --hash-style=gnu -export-dynamic -dynamic-linker /lib64/ld-linux-x86-64.so.2 -o cmTryCompileExec1485527588 /usr/lib/gcc/x86_64-redhat-linux/4.4.7/../../../../lib64/crt1.o /usr/lib/gcc/x86_64-redhat-linux/4.4.7/../../../../lib64/crti.o /usr/lib/gcc/x86_64-redhat-linux/4.4.7/crtbegin.o -L/usr/lib/gcc/x86_64-redhat-linux/4.4.7 -L/usr/lib/gcc/x86_64-redhat-linux/4.4.7 -L/usr/lib/gcc/x86_64-redhat-linux/4.4.7/../../../../lib64 -L/lib/../lib64 -L/usr/lib/../lib64 -L/usr/lib/gcc/x86_64-redhat-linux/4.4.7/../../.. CMakeFiles/cmTryCompileExec1485527588.dir/CMakeCCompilerABI.c.o -lgcc --as-needed -lgcc_s --no-as-needed -lc -lgcc --as-needed -lgcc_s --no-as-needed /usr/lib/gcc/x86_64-redhat-linux/4.4.7/crtend.o /usr/lib/gcc/x86_64-redhat-linux/4.4.7/../../../../lib64/crtn.o
gmake[3]: Leaving directory `/home/cheng/company/supex/open/lib/build/CMakeFiles/CMakeTmp'
gmake[2]: Leaving directory `/home/cheng/company/supex/open/lib/build/CMakeFiles/CMakeTmp'


Parsed C implicit link information from above output:
  link line regex: [^( *|.*[/\])(ld|([^/\]+-)?ld|collect2)[^/\]*( |$)]
  ignore line: [Change Dir: /home/cheng/company/supex/open/lib/build/CMakeFiles/CMakeTmp]
  ignore line: []
  ignore line: [Run Build Command:/usr/bin/gmake "cmTryCompileExec1485527588/fast"]
  ignore line: [gmake[2]: Entering directory `/home/cheng/company/supex/open/lib/build/CMakeFiles/CMakeTmp']
  ignore line: [/usr/bin/gmake -f CMakeFiles/cmTryCompileExec1485527588.dir/build.make CMakeFiles/cmTryCompileExec1485527588.dir/build]
  ignore line: [gmake[3]: Entering directory `/home/cheng/company/supex/open/lib/build/CMakeFiles/CMakeTmp']
  ignore line: [/usr/bin/cmake -E cmake_progress_report /home/cheng/company/supex/open/lib/build/CMakeFiles/CMakeTmp/CMakeFiles 1]
  ignore line: [Building C object CMakeFiles/cmTryCompileExec1485527588.dir/CMakeCCompilerABI.c.o]
  ignore line: [/usr/bin/cc    -o CMakeFiles/cmTryCompileExec1485527588.dir/CMakeCCompilerABI.c.o   -c /usr/share/cmake/Modules/CMakeCCompilerABI.c]
  ignore line: [Linking C executable cmTryCompileExec1485527588]
  ignore line: [/usr/bin/cmake -E cmake_link_script CMakeFiles/cmTryCompileExec1485527588.dir/link.txt --verbose=1]
  ignore line: [/usr/bin/cc     -v CMakeFiles/cmTryCompileExec1485527588.dir/CMakeCCompilerABI.c.o  -o cmTryCompileExec1485527588 -rdynamic  ]
  ignore line: [使用内建 specs。]
  ignore line: [目标：x86_64-redhat-linux]
  ignore line: [配置为：../configure --prefix=/usr --mandir=/usr/share/man --infodir=/usr/share/info --with-bugurl=http://bugzilla.redhat.com/bugzilla --enable-bootstrap --enable-shared --enable-threads=posix --enable-checking=release --with-system-zlib --enable-__cxa_atexit --disable-libunwind-exceptions --enable-gnu-unique-object --enable-languages=c,c++,objc,obj-c++,java,fortran,ada --enable-java-awt=gtk --disable-dssi --with-java-home=/usr/lib/jvm/java-1.5.0-gcj-1.5.0.0/jre --enable-libgcj-multifile --enable-java-maintainer-mode --with-ecj-jar=/usr/share/java/eclipse-ecj.jar --disable-libjava-multilib --with-ppl --with-cloog --with-tune=generic --with-arch_32=i686 --build=x86_64-redhat-linux]
  ignore line: [线程模型：posix]
  ignore line: [gcc 版本 4.4.7 20120313 (Red Hat 4.4.7-11) (GCC) ]
  ignore line: [COMPILER_PATH=/usr/libexec/gcc/x86_64-redhat-linux/4.4.7/:/usr/libexec/gcc/x86_64-redhat-linux/4.4.7/:/usr/libexec/gcc/x86_64-redhat-linux/:/usr/lib/gcc/x86_64-redhat-linux/4.4.7/:/usr/lib/gcc/x86_64-redhat-linux/:/usr/libexec/gcc/x86_64-redhat-linux/4.4.7/:/usr/libexec/gcc/x86_64-redhat-linux/:/usr/lib/gcc/x86_64-redhat-linux/4.4.7/:/usr/lib/gcc/x86_64-redhat-linux/]
  ignore line: [LIBRARY_PATH=/usr/lib/gcc/x86_64-redhat-linux/4.4.7/:/usr/lib/gcc/x86_64-redhat-linux/4.4.7/:/usr/lib/gcc/x86_64-redhat-linux/4.4.7/../../../../lib64/:/lib/../lib64/:/usr/lib/../lib64/:/usr/lib/gcc/x86_64-redhat-linux/4.4.7/../../../:/lib/:/usr/lib/]
  ignore line: [COLLECT_GCC_OPTIONS='-v' '-o' 'cmTryCompileExec1485527588' '-rdynamic' '-mtune=generic']
  link line: [ /usr/libexec/gcc/x86_64-redhat-linux/4.4.7/collect2 --eh-frame-hdr --build-id -m elf_x86_64 --hash-style=gnu -export-dynamic -dynamic-linker /lib64/ld-linux-x86-64.so.2 -o cmTryCompileExec1485527588 /usr/lib/gcc/x86_64-redhat-linux/4.4.7/../../../../lib64/crt1.o /usr/lib/gcc/x86_64-redhat-linux/4.4.7/../../../../lib64/crti.o /usr/lib/gcc/x86_64-redhat-linux/4.4.7/crtbegin.o -L/usr/lib/gcc/x86_64-redhat-linux/4.4.7 -L/usr/lib/gcc/x86_64-redhat-linux/4.4.7 -L/usr/lib/gcc/x86_64-redhat-linux/4.4.7/../../../../lib64 -L/lib/../lib64 -L/usr/lib/../lib64 -L/usr/lib/gcc/x86_64-redhat-linux/4.4.7/../../.. CMakeFiles/cmTryCompileExec1485527588.dir/CMakeCCompilerABI.c.o -lgcc --as-needed -lgcc_s --no-as-needed -lc -lgcc --as-needed -lgcc_s --no-as-needed /usr/lib/gcc/x86_64-redhat-linux/4.4.7/crtend.o /usr/lib/gcc/x86_64-redhat-linux/4.4.7/../../../../lib64/crtn.o]
    arg [/usr/libexec/gcc/x86_64-redhat-linux/4.4.7/collect2] ==> ignore
    arg [--eh-frame-hdr] ==> ignore
    arg [--build-id] ==> ignore
    arg [-m] ==> ignore
    arg [elf_x86_64] ==> ignore
    arg [--hash-style=gnu] ==> ignore
    arg [-export-dynamic] ==> ignore
    arg [-dynamic-linker] ==> ignore
    arg [/lib64/ld-linux-x86-64.so.2] ==> ignore
    arg [-o] ==> ignore
    arg [cmTryCompileExec1485527588] ==> ignore
    arg [/usr/lib/gcc/x86_64-redhat-linux/4.4.7/../../../../lib64/crt1.o] ==> ignore
    arg [/usr/lib/gcc/x86_64-redhat-linux/4.4.7/../../../../lib64/crti.o] ==> ignore
    arg [/usr/lib/gcc/x86_64-redhat-linux/4.4.7/crtbegin.o] ==> ignore
    arg [-L/usr/lib/gcc/x86_64-redhat-linux/4.4.7] ==> dir [/usr/lib/gcc/x86_64-redhat-linux/4.4.7]
    arg [-L/usr/lib/gcc/x86_64-redhat-linux/4.4.7] ==> dir [/usr/lib/gcc/x86_64-redhat-linux/4.4.7]
    arg [-L/usr/lib/gcc/x86_64-redhat-linux/4.4.7/../../../../lib64] ==> dir [/usr/lib/gcc/x86_64-redhat-linux/4.4.7/../../../../lib64]
    arg [-L/lib/../lib64] ==> dir [/lib/../lib64]
    arg [-L/usr/lib/../lib64] ==> dir [/usr/lib/../lib64]
    arg [-L/usr/lib/gcc/x86_64-redhat-linux/4.4.7/../../..] ==> dir [/usr/lib/gcc/x86_64-redhat-linux/4.4.7/../../..]
    arg [CMakeFiles/cmTryCompileExec1485527588.dir/CMakeCCompilerABI.c.o] ==> ignore
    arg [-lgcc] ==> lib [gcc]
    arg [--as-needed] ==> ignore
    arg [-lgcc_s] ==> lib [gcc_s]
    arg [--no-as-needed] ==> ignore
    arg [-lc] ==> lib [c]
    arg [-lgcc] ==> lib [gcc]
    arg [--as-needed] ==> ignore
    arg [-lgcc_s] ==> lib [gcc_s]
    arg [--no-as-needed] ==> ignore
    arg [/usr/lib/gcc/x86_64-redhat-linux/4.4.7/crtend.o] ==> ignore
    arg [/usr/lib/gcc/x86_64-redhat-linux/4.4.7/../../../../lib64/crtn.o] ==> ignore
  remove lib [gcc]
  remove lib [gcc_s]
  remove lib [gcc]
  remove lib [gcc_s]
  collapse library dir [/usr/lib/gcc/x86_64-redhat-linux/4.4.7] ==> [/usr/lib/gcc/x86_64-redhat-linux/4.4.7]
  collapse library dir [/usr/lib/gcc/x86_64-redhat-linux/4.4.7] ==> [/usr/lib/gcc/x86_64-redhat-linux/4.4.7]
  collapse library dir [/usr/lib/gcc/x86_64-redhat-linux/4.4.7/../../../../lib64] ==> [/usr/lib64]
  collapse library dir [/lib/../lib64] ==> [/lib64]
  collapse library dir [/usr/lib/../lib64] ==> [/usr/lib64]
  collapse library dir [/usr/lib/gcc/x86_64-redhat-linux/4.4.7/../../..] ==> [/usr/lib]
  implicit libs: [c]
  implicit dirs: [/usr/lib/gcc/x86_64-redhat-linux/4.4.7;/usr/lib64;/lib64;/usr/lib]
  implicit fwks: []


