[ INFO   9171 14:34:21.662 ../../src/mq_api.c:54 ] Initial mq store.
[ INFO   9171 14:34:21.663 ../../src/mq_queue_manage.c:235 ] --- queue array num[0] ---
[ INFO   9171 14:34:21.663 ../../src/mq_api.c:63 ] All queue's total unread msg count[0]
[ INFO   9171 14:34:21.680 ../../src/mq_queue_manage.c:305 ] Queue items limit[32], Queue list num [0]
[ ERROR  9171 14:38:42.939 ../../src/mq_store_manage.c:261 ] No space left on device, free storage [1]GB
[ INFO   9454 14:43:56.100 ../../src/mq_api.c:54 ] Initial mq store.
[ INFO   9454 14:43:56.100 ../../src/mq_queue_manage.c:235 ] --- queue array num[0] ---
[ INFO   9454 14:43:56.100 ../../src/mq_api.c:63 ] All queue's total unread msg count[0]
[ INFO   9454 14:43:56.102 ../../src/mq_queue_manage.c:305 ] Queue items limit[32], Queue list num [0]
[ WARN   9454 14:44:02.798 ../../src/mq_api.c:203 ] Queue [test_queue] is not exists
[ ERROR  9454 14:44:26.574 ../../src/main.c:53 ] get item error.
[ WARN   9454 14:45:05.259 ../../src/mq_api.c:203 ] Queue [test_queue] is not exists
[ ERROR  9454 14:45:05.259 ../../src/main.c:53 ] get item error.
[ WARN   9454 14:45:07.585 ../../src/mq_api.c:203 ] Queue [test_queue] is not exists
[ ERROR  9454 14:45:07.585 ../../src/main.c:53 ] get item error.
[ WARN   9454 14:45:14.195 ../../src/mq_api.c:203 ] Queue [test_queue] is not exists
[ ERROR  9454 14:45:14.195 ../../src/main.c:53 ] get item error.
[ WARN   9454 14:46:11.325 ../../src/mq_api.c:203 ] Queue [test_queue] is not exists
[ ERROR  9454 14:46:11.325 ../../src/main.c:53 ] get item error.
[ WARN   9454 14:46:17.881 ../../src/mq_api.c:203 ] Queue [test_queue] is not exists
[ ERROR  9454 14:46:17.881 ../../src/main.c:53 ] get item error.
[ WARN   9454 14:46:22.381 ../../src/mq_api.c:203 ] Queue [test_queue] is not exists
[ ERROR  9454 14:46:22.381 ../../src/main.c:53 ] get item error.
[ WARN   9454 14:47:32.898 ../../src/mq_api.c:203 ] Queue [test_queue] is not exists
[ ERROR  9454 14:47:32.898 ../../src/main.c:53 ] get item error.
[ INFO   9454 14:47:32.898 ../../src/mq_store_file.c:127 ] Open data file[./mq_data/data/test_queue/db_000000000001] success, file size [67108864]
[ WARN   9454 14:47:39.230 ../../src/mq_api.c:203 ] Queue [test_queue] is not exists
[ ERROR  9454 14:47:39.230 ../../src/main.c:53 ] get item error.
[ WARN   9454 14:52:22.650 ../../src/mq_api.c:203 ] Queue [test_queue] is not exists
[ ERROR  9454 14:52:22.650 ../../src/main.c:53 ] get item error.
